f:\git warehouse\go-down-100-floors-to-be-a-true-man\是男人就下100层\x64\debug\vc143.pdb
f:\git warehouse\go-down-100-floors-to-be-a-true-man\是男人就下100层\x64\debug\vc143.idb
f:\git warehouse\go-down-100-floors-to-be-a-true-man\是男人就下100层\x64\debug\timer.obj
f:\git warehouse\go-down-100-floors-to-be-a-true-man\是男人就下100层\x64\debug\scene.obj
f:\git warehouse\go-down-100-floors-to-be-a-true-man\是男人就下100层\x64\debug\role.obj
f:\git warehouse\go-down-100-floors-to-be-a-true-man\是男人就下100层\x64\debug\jpctestmain.obj
f:\git warehouse\go-down-100-floors-to-be-a-true-man\是男人就下100层\x64\debug\jcptestmain.obj
f:\git warehouse\go-down-100-floors-to-be-a-true-man\是男人就下100层\x64\debug\graph.obj
f:\git warehouse\go-down-100-floors-to-be-a-true-man\是男人就下100层\x64\debug\draw.obj
f:\git warehouse\go-down-100-floors-to-be-a-true-man\是男人就下100层\x64\debug\character.obj
f:\git warehouse\go-down-100-floors-to-be-a-true-man\是男人就下100层\x64\debug\board.obj
f:\git warehouse\go-down-100-floors-to-be-a-true-man\是男人就下100层\x64\debug\anime.obj
f:\git warehouse\go-down-100-floors-to-be-a-true-man\是男人就下100层\x64\debug\gytest.obj
f:\git warehouse\go-down-100-floors-to-be-a-true-man\是男人就下100层\x64\debug\ns-shaft.ilk
f:\git warehouse\go-down-100-floors-to-be-a-true-man\是男人就下100层\x64\debug\ns-shaft.exe
f:\git warehouse\go-down-100-floors-to-be-a-true-man\是男人就下100层\x64\debug\ns-shaft.pdb
f:\git warehouse\go-down-100-floors-to-be-a-true-man\是男人就下100层\x64\debug\main.obj
f:\git warehouse\go-down-100-floors-to-be-a-true-man\是男人就下100层\x64\debug\是男人就下100层.ilk
f:\git warehouse\go-down-100-floors-to-be-a-true-man\是男人就下100层\x64\debug\ns-shaft.tlog\cl.command.1.tlog
f:\git warehouse\go-down-100-floors-to-be-a-true-man\是男人就下100层\x64\debug\ns-shaft.tlog\cl.items.tlog
f:\git warehouse\go-down-100-floors-to-be-a-true-man\是男人就下100层\x64\debug\ns-shaft.tlog\cl.read.1.tlog
f:\git warehouse\go-down-100-floors-to-be-a-true-man\是男人就下100层\x64\debug\ns-shaft.tlog\cl.write.1.tlog
f:\git warehouse\go-down-100-floors-to-be-a-true-man\是男人就下100层\x64\debug\ns-shaft.tlog\link.command.1.tlog
f:\git warehouse\go-down-100-floors-to-be-a-true-man\是男人就下100层\x64\debug\ns-shaft.tlog\link.read.1.tlog
f:\git warehouse\go-down-100-floors-to-be-a-true-man\是男人就下100层\x64\debug\ns-shaft.tlog\link.write.1.tlog
