C:\Program Files\Microsoft Visual Studio\2022\Community\MSBuild\Microsoft\VC\v170\Microsoft.CppBuild.targets(531,5): warning MSB8028: 中间目录(x64\Debug\)包含从另一个项目(NS-shaft.vcxproj)共享的文件。   这会导致错误的清除和重新生成行为。
  Character.cpp
F:\project\是男人就下100层\是男人就下100层\scene.h(85,19): warning C4267: “return”: 从“size_t”转换到“int”，可能丢失数据
  (编译源文件“Character.cpp”)
  
F:\project\是男人就下100层\是男人就下100层\scene.h(143,99): warning C4244: “参数”: 从“double”转换到“int”，可能丢失数据
  (编译源文件“Character.cpp”)
  
F:\project\是男人就下100层\是男人就下100层\scene.h(143,45): warning C4244: “参数”: 从“double”转换到“int”，可能丢失数据
  (编译源文件“Character.cpp”)
  
F:\project\是男人就下100层\是男人就下100层\scene.h(151,117): warning C4244: “参数”: 从“double”转换到“int”，可能丢失数据
  (编译源文件“Character.cpp”)
  
F:\project\是男人就下100层\是男人就下100层\scene.h(151,53): warning C4244: “参数”: 从“double”转换到“int”，可能丢失数据
  (编译源文件“Character.cpp”)
  
F:\project\是男人就下100层\是男人就下100层\scene.h(160,99): warning C4244: “参数”: 从“double”转换到“int”，可能丢失数据
  (编译源文件“Character.cpp”)
  
F:\project\是男人就下100层\是男人就下100层\scene.h(160,45): warning C4244: “参数”: 从“double”转换到“int”，可能丢失数据
  (编译源文件“Character.cpp”)
  
F:\project\是男人就下100层\是男人就下100层\scene.h(263,50): warning C4244: “初始化”: 从“double”转换到“int”，可能丢失数据
  (编译源文件“Character.cpp”)
  
F:\project\是男人就下100层\是男人就下100层\scene.h(265,11): warning C4244: “初始化”: 从“double”转换到“int”，可能丢失数据
  (编译源文件“Character.cpp”)
  
F:\project\是男人就下100层\是男人就下100层\Character.cpp(21,14): warning C4553: “==”: 未使用表达式结果；是否打算使用“=”?
F:\project\是男人就下100层\是男人就下100层\scene.h(76): warning C4715: “Atlas::get_mask_image”: 不是所有的控件路径都返回值
  是男人就下100层.vcxproj -> F:\project\是男人就下100层\x64\Debug\是男人就下100层.exe
