  gytest.cpp
E:\zzs\gitstore\code\100floors\100floors\是男人就下100层\scene.h(152,19): warning C4267: “return”: 从“size_t”转换到“int”，可能丢失数据
  (编译源文件“gytest.cpp”)
  
E:\zzs\gitstore\code\100floors\100floors\是男人就下100层\scene.h(208,99): warning C4244: “参数”: 从“double”转换到“int”，可能丢失数据
  (编译源文件“gytest.cpp”)
  
E:\zzs\gitstore\code\100floors\100floors\是男人就下100层\scene.h(208,45): warning C4244: “参数”: 从“double”转换到“int”，可能丢失数据
  (编译源文件“gytest.cpp”)
  
E:\zzs\gitstore\code\100floors\100floors\是男人就下100层\scene.h(216,117): warning C4244: “参数”: 从“double”转换到“int”，可能丢失数据
  (编译源文件“gytest.cpp”)
  
E:\zzs\gitstore\code\100floors\100floors\是男人就下100层\scene.h(216,53): warning C4244: “参数”: 从“double”转换到“int”，可能丢失数据
  (编译源文件“gytest.cpp”)
  
E:\zzs\gitstore\code\100floors\100floors\是男人就下100层\scene.h(225,99): warning C4244: “参数”: 从“double”转换到“int”，可能丢失数据
  (编译源文件“gytest.cpp”)
  
E:\zzs\gitstore\code\100floors\100floors\是男人就下100层\scene.h(225,45): warning C4244: “参数”: 从“double”转换到“int”，可能丢失数据
  (编译源文件“gytest.cpp”)
  
E:\zzs\gitstore\code\100floors\100floors\是男人就下100层\scene.h(272,26): warning C4244: “参数”: 从“double”转换到“int”，可能丢失数据
  (编译源文件“gytest.cpp”)
  
E:\zzs\gitstore\code\100floors\100floors\是男人就下100层\scene.h(356,50): warning C4244: “初始化”: 从“double”转换到“int”，可能丢失数据
  (编译源文件“gytest.cpp”)
  
E:\zzs\gitstore\code\100floors\100floors\是男人就下100层\scene.h(358,11): warning C4244: “初始化”: 从“double”转换到“int”，可能丢失数据
  (编译源文件“gytest.cpp”)
  
E:\zzs\gitstore\code\100floors\100floors\是男人就下100层\scene.h(109,1): warning C4715: “Atlas::get_mask_image”: 不是所有的控件路径都返回值
  NS-shaft.vcxproj -> E:\zzs\gitstore\code\100floors\100floors\是男人就下100层\x64\Debug\NS-shaft.exe
