  Anime.cpp
  Character.cpp
E:\zzs\gitstore\used for update\100floors\是男人就下100层\Atlas.h(29,19): warning C4267: “return”: 从“size_t”转换到“int”，可能丢失数据
  (编译源文件“Character.cpp”)
  
E:\zzs\gitstore\used for update\100floors\是男人就下100层\Character.cpp(37,24): warning C4244: “-=”: 从“double”转换到“int”，可能丢失数据
E:\zzs\gitstore\used for update\100floors\是男人就下100层\Character.cpp(42,24): warning C4244: “-=”: 从“double”转换到“int”，可能丢失数据
E:\zzs\gitstore\used for update\100floors\是男人就下100层\Character.cpp(51,24): warning C4244: “+=”: 从“double”转换到“int”，可能丢失数据
E:\zzs\gitstore\used for update\100floors\是男人就下100层\Character.cpp(154,28): warning C4244: “+=”: 从“double”转换到“int”，可能丢失数据
E:\zzs\gitstore\used for update\100floors\是男人就下100层\Character.cpp(174,23): warning C4244: “-=”: 从“double”转换到“int”，可能丢失数据
E:\zzs\gitstore\used for update\100floors\是男人就下100层\Character.cpp(186,23): warning C4244: “+=”: 从“double”转换到“int”，可能丢失数据
E:\zzs\gitstore\used for update\100floors\是男人就下100层\Character.cpp(194,16): warning C4244: “=”: 从“double”转换到“int”，可能丢失数据
E:\zzs\gitstore\used for update\100floors\是男人就下100层\Character.cpp(197,29): warning C4244: “-=”: 从“double”转换到“int”，可能丢失数据
E:\zzs\gitstore\used for update\100floors\是男人就下100层\Character.cpp(221,11): warning C4244: “+=”: 从“double”转换到“int”，可能丢失数据
  graph.cpp
E:\zzs\gitstore\used for update\100floors\是男人就下100层\Atlas.h(29,19): warning C4267: “return”: 从“size_t”转换到“int”，可能丢失数据
  (编译源文件“graph.cpp”)
  
E:\zzs\gitstore\used for update\100floors\是男人就下100层\scene.h(122,99): warning C4244: “参数”: 从“double”转换到“int”，可能丢失数据
  (编译源文件“graph.cpp”)
  
E:\zzs\gitstore\used for update\100floors\是男人就下100层\scene.h(122,45): warning C4244: “参数”: 从“double”转换到“int”，可能丢失数据
  (编译源文件“graph.cpp”)
  
E:\zzs\gitstore\used for update\100floors\是男人就下100层\scene.h(130,117): warning C4244: “参数”: 从“double”转换到“int”，可能丢失数据
  (编译源文件“graph.cpp”)
  
E:\zzs\gitstore\used for update\100floors\是男人就下100层\scene.h(130,53): warning C4244: “参数”: 从“double”转换到“int”，可能丢失数据
  (编译源文件“graph.cpp”)
  
E:\zzs\gitstore\used for update\100floors\是男人就下100层\scene.h(139,99): warning C4244: “参数”: 从“double”转换到“int”，可能丢失数据
  (编译源文件“graph.cpp”)
  
E:\zzs\gitstore\used for update\100floors\是男人就下100层\scene.h(139,45): warning C4244: “参数”: 从“double”转换到“int”，可能丢失数据
  (编译源文件“graph.cpp”)
  
E:\zzs\gitstore\used for update\100floors\是男人就下100层\scene.h(263,50): warning C4244: “初始化”: 从“double”转换到“int”，可能丢失数据
  (编译源文件“graph.cpp”)
  
E:\zzs\gitstore\used for update\100floors\是男人就下100层\scene.h(264,15): warning C4267: “初始化”: 从“size_t”转换到“int”，可能丢失数据
  (编译源文件“graph.cpp”)
  
E:\zzs\gitstore\used for update\100floors\是男人就下100层\scene.h(265,11): warning C4244: “初始化”: 从“double”转换到“int”，可能丢失数据
  (编译源文件“graph.cpp”)
  
E:\zzs\gitstore\used for update\100floors\是男人就下100层\scene.h(309,54): warning C4267: “=”: 从“size_t”转换到“int”，可能丢失数据
  (编译源文件“graph.cpp”)
  
  gytest.cpp
E:\zzs\gitstore\used for update\100floors\是男人就下100层\Atlas.h(29,19): warning C4267: “return”: 从“size_t”转换到“int”，可能丢失数据
  (编译源文件“gytest.cpp”)
  
E:\zzs\gitstore\used for update\100floors\是男人就下100层\scene.h(122,99): warning C4244: “参数”: 从“double”转换到“int”，可能丢失数据
  (编译源文件“gytest.cpp”)
  
E:\zzs\gitstore\used for update\100floors\是男人就下100层\scene.h(122,45): warning C4244: “参数”: 从“double”转换到“int”，可能丢失数据
  (编译源文件“gytest.cpp”)
  
E:\zzs\gitstore\used for update\100floors\是男人就下100层\scene.h(130,117): warning C4244: “参数”: 从“double”转换到“int”，可能丢失数据
  (编译源文件“gytest.cpp”)
  
E:\zzs\gitstore\used for update\100floors\是男人就下100层\scene.h(130,53): warning C4244: “参数”: 从“double”转换到“int”，可能丢失数据
  (编译源文件“gytest.cpp”)
  
E:\zzs\gitstore\used for update\100floors\是男人就下100层\scene.h(139,99): warning C4244: “参数”: 从“double”转换到“int”，可能丢失数据
  (编译源文件“gytest.cpp”)
  
E:\zzs\gitstore\used for update\100floors\是男人就下100层\scene.h(139,45): warning C4244: “参数”: 从“double”转换到“int”，可能丢失数据
  (编译源文件“gytest.cpp”)
  
E:\zzs\gitstore\used for update\100floors\是男人就下100层\scene.h(263,50): warning C4244: “初始化”: 从“double”转换到“int”，可能丢失数据
  (编译源文件“gytest.cpp”)
  
E:\zzs\gitstore\used for update\100floors\是男人就下100层\scene.h(264,15): warning C4267: “初始化”: 从“size_t”转换到“int”，可能丢失数据
  (编译源文件“gytest.cpp”)
  
E:\zzs\gitstore\used for update\100floors\是男人就下100层\scene.h(265,11): warning C4244: “初始化”: 从“double”转换到“int”，可能丢失数据
  (编译源文件“gytest.cpp”)
  
E:\zzs\gitstore\used for update\100floors\是男人就下100层\scene.h(309,54): warning C4267: “=”: 从“size_t”转换到“int”，可能丢失数据
  (编译源文件“gytest.cpp”)
  
E:\zzs\gitstore\used for update\100floors\是男人就下100层\gytest.cpp(195,16): warning C4244: “参数”: 从“time_t”转换到“unsigned int”，可能丢失数据
E:\zzs\gitstore\used for update\100floors\是男人就下100层\gytest.cpp(381,24): warning C4244: “-=”: 从“double”转换到“int”，可能丢失数据
  Item.cpp
E:\zzs\gitstore\used for update\100floors\是男人就下100层\Atlas.h(29,19): warning C4267: “return”: 从“size_t”转换到“int”，可能丢失数据
  (编译源文件“Item.cpp”)
  
  jpctestmain.cpp
  rub.cpp
  scene.cpp
E:\zzs\gitstore\used for update\100floors\是男人就下100层\Atlas.h(29,19): warning C4267: “return”: 从“size_t”转换到“int”，可能丢失数据
  (编译源文件“scene.cpp”)
  
E:\zzs\gitstore\used for update\100floors\是男人就下100层\scene.h(122,99): warning C4244: “参数”: 从“double”转换到“int”，可能丢失数据
  (编译源文件“scene.cpp”)
  
E:\zzs\gitstore\used for update\100floors\是男人就下100层\scene.h(122,45): warning C4244: “参数”: 从“double”转换到“int”，可能丢失数据
  (编译源文件“scene.cpp”)
  
E:\zzs\gitstore\used for update\100floors\是男人就下100层\scene.h(130,117): warning C4244: “参数”: 从“double”转换到“int”，可能丢失数据
  (编译源文件“scene.cpp”)
  
E:\zzs\gitstore\used for update\100floors\是男人就下100层\scene.h(130,53): warning C4244: “参数”: 从“double”转换到“int”，可能丢失数据
  (编译源文件“scene.cpp”)
  
E:\zzs\gitstore\used for update\100floors\是男人就下100层\scene.h(139,99): warning C4244: “参数”: 从“double”转换到“int”，可能丢失数据
  (编译源文件“scene.cpp”)
  
E:\zzs\gitstore\used for update\100floors\是男人就下100层\scene.h(139,45): warning C4244: “参数”: 从“double”转换到“int”，可能丢失数据
  (编译源文件“scene.cpp”)
  
E:\zzs\gitstore\used for update\100floors\是男人就下100层\scene.h(263,50): warning C4244: “初始化”: 从“double”转换到“int”，可能丢失数据
  (编译源文件“scene.cpp”)
  
E:\zzs\gitstore\used for update\100floors\是男人就下100层\scene.h(264,15): warning C4267: “初始化”: 从“size_t”转换到“int”，可能丢失数据
  (编译源文件“scene.cpp”)
  
E:\zzs\gitstore\used for update\100floors\是男人就下100层\scene.h(265,11): warning C4244: “初始化”: 从“double”转换到“int”，可能丢失数据
  (编译源文件“scene.cpp”)
  
E:\zzs\gitstore\used for update\100floors\是男人就下100层\scene.h(309,54): warning C4267: “=”: 从“size_t”转换到“int”，可能丢失数据
  (编译源文件“scene.cpp”)
  
E:\zzs\gitstore\used for update\100floors\是男人就下100层\scene.cpp(63,59): warning C4267: “=”: 从“size_t”转换到“int”，可能丢失数据
E:\zzs\gitstore\used for update\100floors\是男人就下100层\scene.cpp(94,26): warning C4244: “参数”: 从“double”转换到“int”，可能丢失数据
  Timer.cpp
  正在生成代码
E:\zzs\gitstore\used for update\100floors\是男人就下100层\Item.cpp(30): warning C4715: “Item::creatitem”: 不是所有的控件路径都返回值
E:\zzs\gitstore\used for update\100floors\是男人就下100层\gytest.cpp(199): warning C4715: “wanttype”: 不是所有的控件路径都返回值
E:\zzs\gitstore\used for update\100floors\是男人就下100层\Atlas.h(25): warning C4715: “Atlas::get_mask_image”: 不是所有的控件路径都返回值
E:\zzs\gitstore\used for update\100floors\是男人就下100层\scene.cpp(118): warning C4715: “Button::react”: 不是所有的控件路径都返回值
  1169 of 1171 functions (99.8%) were compiled, the rest were copied from previous compilation.
    824 functions were new in current compilation
    1 functions had inline decision re-evaluated but remain unchanged
  已完成代码的生成
  NS-shaft.vcxproj -> E:\zzs\gitstore\used for update\100floors\是男人就下100层\x64\Release\NS-shaft.exe
